apps/android/app/build/intermediates/manifest_merge_blame_file/debug/processDebugMainManifest/manifest-merger-blame-debug-report.txt
1<?xml version="1.0" encoding="utf-8"?>
2<manifest xmlns:android="http://schemas.android.com/apk/res/android"
3    package="fi.eport.searchassistant.debug"
4    android:versionCode="1"
5    android:versionName="0.1.0-debug" >
6
7    <uses-sdk
7-->INJECTED
8        android:minSdkVersion="26"
8-->INJECTED
9        android:targetSdkVersion="36" />
9-->INJECTED
10
11    <uses-permission android:name="android.permission.INTERNET" />
11-->src/main/AndroidManifest.xml:4:5-67
11-->src/main/AndroidManifest.xml:4:22-64
12    <uses-permission android:name="android.permission.ACCESS_COARSE_LOCATION" />
12-->src/main/AndroidManifest.xml:5:5-81
12-->src/main/AndroidManifest.xml:5:22-78
13    <uses-permission android:name="android.permission.ACCESS_FINE_LOCATION" />
13-->src/main/AndroidManifest.xml:6:5-79
13-->src/main/AndroidManifest.xml:6:22-76
14    <uses-permission android:name="android.permission.ACCESS_BACKGROUND_LOCATION" />
14-->src/main/AndroidManifest.xml:7:5-85
14-->src/main/AndroidManifest.xml:7:22-82
15    <uses-permission android:name="android.permission.FOREGROUND_SERVICE" />
15-->src/main/AndroidManifest.xml:8:5-77
15-->src/main/AndroidManifest.xml:8:22-74
16    <uses-permission android:name="android.permission.FOREGROUND_SERVICE_LOCATION" />
16-->src/main/AndroidManifest.xml:9:5-86
16-->src/main/AndroidManifest.xml:9:22-83
17    <uses-permission android:name="android.permission.POST_NOTIFICATIONS" />
17-->src/main/AndroidManifest.xml:10:5-77
17-->src/main/AndroidManifest.xml:10:22-74
18
19    <!-- Include required permissions for Google Maps API to run. -->
20    <uses-permission android:name="android.permission.ACCESS_NETWORK_STATE" />
20-->[com.google.android.gms:play-services-maps:19.2.0] AndroidManifest.xml:20:5-78
20-->[com.google.android.gms:play-services-maps:19.2.0] AndroidManifest.xml:20:22-76
21
22    <uses-feature
22-->[com.google.android.gms:play-services-maps:19.2.0] AndroidManifest.xml:22:5-24:33
23        android:glEsVersion="0x00020000"
23-->[com.google.android.gms:play-services-maps:19.2.0] AndroidManifest.xml:23:8-40
24        android:required="true" />
24-->[com.google.android.gms:play-services-maps:19.2.0] AndroidManifest.xml:24:8-31
25
26    <queries>
26-->[com.google.android.gms:play-services-maps:19.2.0] AndroidManifest.xml:27:5-30:15
27
28        <!-- Needs to be explicitly declared on Android R+ -->
29        <package android:name="com.google.android.apps.maps" />
29-->[com.google.android.gms:play-services-maps:19.2.0] AndroidManifest.xml:29:7-61
29-->[com.google.android.gms:play-services-maps:19.2.0] AndroidManifest.xml:29:16-59
30    </queries>
31
32    <permission
32-->[androidx.core:core:1.18.0] AndroidManifest.xml:22:5-24:47
33        android:name="fi.eport.searchassistant.debug.DYNAMIC_RECEIVER_NOT_EXPORTED_PERMISSION"
33-->[androidx.core:core:1.18.0] AndroidManifest.xml:23:9-81
34        android:protectionLevel="signature" />
34-->[androidx.core:core:1.18.0] AndroidManifest.xml:24:9-44
35
36    <uses-permission android:name="fi.eport.searchassistant.debug.DYNAMIC_RECEIVER_NOT_EXPORTED_PERMISSION" />
36-->[androidx.core:core:1.18.0] AndroidManifest.xml:26:5-97
36-->[androidx.core:core:1.18.0] AndroidManifest.xml:26:22-94
37    <uses-permission android:name="android.permission.CAMERA" /> <!-- Don't require camera, as this requires a rear camera. This allows it to work on the Nexus 7 -->
37-->[com.journeyapps:zxing-android-embedded:4.3.0] AndroidManifest.xml:22:5-65
37-->[com.journeyapps:zxing-android-embedded:4.3.0] AndroidManifest.xml:22:22-62
38    <uses-feature
38-->[com.journeyapps:zxing-android-embedded:4.3.0] AndroidManifest.xml:25:5-27:36
39        android:name="android.hardware.camera"
39-->[com.journeyapps:zxing-android-embedded:4.3.0] AndroidManifest.xml:26:9-47
40        android:required="false" />
40-->[com.journeyapps:zxing-android-embedded:4.3.0] AndroidManifest.xml:27:9-33
41    <uses-feature
41-->[com.journeyapps:zxing-android-embedded:4.3.0] AndroidManifest.xml:28:5-30:36
42        android:name="android.hardware.camera.front"
42-->[com.journeyapps:zxing-android-embedded:4.3.0] AndroidManifest.xml:29:9-53
43        android:required="false" /> <!-- TODO replace above two with next line after Android 4.2 -->
43-->[com.journeyapps:zxing-android-embedded:4.3.0] AndroidManifest.xml:30:9-33
44    <!-- <uses-feature android:name="android.hardware.camera.any"/> -->
45    <uses-feature
45-->[com.journeyapps:zxing-android-embedded:4.3.0] AndroidManifest.xml:33:5-35:36
46        android:name="android.hardware.camera.autofocus"
46-->[com.journeyapps:zxing-android-embedded:4.3.0] AndroidManifest.xml:34:9-57
47        android:required="false" />
47-->[com.journeyapps:zxing-android-embedded:4.3.0] AndroidManifest.xml:35:9-33
48    <uses-feature
48-->[com.journeyapps:zxing-android-embedded:4.3.0] AndroidManifest.xml:36:5-38:36
49        android:name="android.hardware.camera.flash"
49-->[com.journeyapps:zxing-android-embedded:4.3.0] AndroidManifest.xml:37:9-53
50        android:required="false" />
50-->[com.journeyapps:zxing-android-embedded:4.3.0] AndroidManifest.xml:38:9-33
51    <uses-feature
51-->[com.journeyapps:zxing-android-embedded:4.3.0] AndroidManifest.xml:39:5-41:36
52        android:name="android.hardware.screen.landscape"
52-->[com.journeyapps:zxing-android-embedded:4.3.0] AndroidManifest.xml:40:9-57
53        android:required="false" />
53-->[com.journeyapps:zxing-android-embedded:4.3.0] AndroidManifest.xml:41:9-33
54    <uses-feature
54-->[com.journeyapps:zxing-android-embedded:4.3.0] AndroidManifest.xml:42:5-44:36
55        android:name="android.hardware.wifi"
55-->[com.journeyapps:zxing-android-embedded:4.3.0] AndroidManifest.xml:43:9-45
56        android:required="false" />
56-->[com.journeyapps:zxing-android-embedded:4.3.0] AndroidManifest.xml:44:9-33
57
58    <application
58-->src/main/AndroidManifest.xml:12:5-59:19
59        android:name="fi.eport.searchassistant.SearchAssistantApp"
59-->src/main/AndroidManifest.xml:13:9-43
60        android:allowBackup="true"
60-->src/main/AndroidManifest.xml:14:9-35
61        android:appComponentFactory="androidx.core.app.CoreComponentFactory"
61-->[androidx.core:core:1.18.0] AndroidManifest.xml:28:18-86
62        android:debuggable="true"
63        android:extractNativeLibs="false"
63-->INJECTED
64        android:icon="@mipmap/ic_launcher"
64-->src/main/AndroidManifest.xml:15:9-43
65        android:label="@string/app_name"
65-->src/main/AndroidManifest.xml:17:9-41
66        android:roundIcon="@mipmap/ic_launcher_round"
66-->src/main/AndroidManifest.xml:16:9-54
67        android:supportsRtl="true"
67-->src/main/AndroidManifest.xml:18:9-35
68        android:theme="@style/Theme.SearchAssistant" >
68-->src/main/AndroidManifest.xml:19:9-53
69
70        <!--
71             Maps API key — injected from local.properties by the
72             secrets-gradle-plugin.
73        -->
74        <meta-data
74-->INJECTED
75            android:name="com.google.android.geo.API_KEY"
75-->src/main/AndroidManifest.xml:24:13-58
76            android:value="YOUR_KEY_HERE" />
76-->INJECTED
77
78        <activity
78-->src/main/AndroidManifest.xml:27:9-49:20
79            android:name="fi.eport.searchassistant.MainActivity"
79-->src/main/AndroidManifest.xml:28:13-41
80            android:exported="true"
80-->src/main/AndroidManifest.xml:29:13-36
81            android:launchMode="singleTask"
81-->src/main/AndroidManifest.xml:30:13-44
82            android:theme="@style/Theme.SearchAssistant" >
82-->src/main/AndroidManifest.xml:31:13-57
83            <intent-filter>
83-->src/main/AndroidManifest.xml:33:13-36:29
84                <action android:name="android.intent.action.MAIN" />
84-->src/main/AndroidManifest.xml:34:17-69
84-->src/main/AndroidManifest.xml:34:25-66
85
86                <category android:name="android.intent.category.LAUNCHER" />
86-->src/main/AndroidManifest.xml:35:17-77
86-->src/main/AndroidManifest.xml:35:27-74
87            </intent-filter>
88
89            <!--
90                 App Links — verified once /.well-known/assetlinks.json
91                 is served with the matching package + SHA-256. Until
92                 then this still works as a regular http link handler.
93            -->
94            <intent-filter android:autoVerify="true" >
94-->src/main/AndroidManifest.xml:41:13-48:29
94-->src/main/AndroidManifest.xml:41:28-53
95                <action android:name="android.intent.action.VIEW" />
95-->src/main/AndroidManifest.xml:42:17-69
95-->src/main/AndroidManifest.xml:42:25-66
96
97                <category android:name="android.intent.category.DEFAULT" />
97-->src/main/AndroidManifest.xml:43:17-76
97-->src/main/AndroidManifest.xml:43:27-73
98                <category android:name="android.intent.category.BROWSABLE" />
98-->src/main/AndroidManifest.xml:44:17-78
98-->src/main/AndroidManifest.xml:44:27-75
99
100                <data
100-->src/main/AndroidManifest.xml:45:17-47:50
101                    android:host="searchassistant.eport.fi"
101-->src/main/AndroidManifest.xml:46:23-62
102                    android:pathPrefix="/s/"
102-->src/main/AndroidManifest.xml:47:23-47
103                    android:scheme="https" />
103-->src/main/AndroidManifest.xml:45:23-45
104            </intent-filter>
105        </activity>
106
107        <!--
108             Foreground service for path recording + position sharing.
109             foregroundServiceType=location is required on API 34+ when
110             requesting locations while the screen is off.
111        -->
112        <service
112-->src/main/AndroidManifest.xml:54:9-57:56
113            android:name="fi.eport.searchassistant.location.LocationService"
113-->src/main/AndroidManifest.xml:55:13-53
114            android:exported="false"
114-->src/main/AndroidManifest.xml:56:13-37
115            android:foregroundServiceType="location" />
115-->src/main/AndroidManifest.xml:57:13-53
116
117        <!-- Needs to be explicitly declared on P+ -->
118        <uses-library
118-->[com.google.android.gms:play-services-maps:19.2.0] AndroidManifest.xml:33:7-86
119            android:name="org.apache.http.legacy"
119-->[com.google.android.gms:play-services-maps:19.2.0] AndroidManifest.xml:33:21-58
120            android:required="false" />
120-->[com.google.android.gms:play-services-maps:19.2.0] AndroidManifest.xml:33:59-83
121
122        <activity
122-->[com.google.android.gms:play-services-base:18.5.0] AndroidManifest.xml:5:9-173
123            android:name="com.google.android.gms.common.api.GoogleApiActivity"
123-->[com.google.android.gms:play-services-base:18.5.0] AndroidManifest.xml:5:19-85
124            android:exported="false"
124-->[com.google.android.gms:play-services-base:18.5.0] AndroidManifest.xml:5:146-170
125            android:theme="@android:style/Theme.Translucent.NoTitleBar" />
125-->[com.google.android.gms:play-services-base:18.5.0] AndroidManifest.xml:5:86-145
126        <activity
126-->[androidx.compose.ui:ui-tooling-android:1.9.2] AndroidManifest.xml:23:9-25:39
127            android:name="androidx.compose.ui.tooling.PreviewActivity"
127-->[androidx.compose.ui:ui-tooling-android:1.9.2] AndroidManifest.xml:24:13-71
128            android:exported="true" />
128-->[androidx.compose.ui:ui-tooling-android:1.9.2] AndroidManifest.xml:25:13-36
129        <activity
129-->[androidx.compose.ui:ui-test-manifest:1.9.2] AndroidManifest.xml:23:9-26:79
130            android:name="androidx.activity.ComponentActivity"
130-->[androidx.compose.ui:ui-test-manifest:1.9.2] AndroidManifest.xml:24:13-63
131            android:exported="true"
131-->[androidx.compose.ui:ui-test-manifest:1.9.2] AndroidManifest.xml:25:13-36
132            android:theme="@android:style/Theme.Material.Light.NoActionBar" />
132-->[androidx.compose.ui:ui-test-manifest:1.9.2] AndroidManifest.xml:26:13-76
133
134        <provider
134-->[androidx.emoji2:emoji2:1.4.0] AndroidManifest.xml:24:9-32:20
135            android:name="androidx.startup.InitializationProvider"
135-->[androidx.emoji2:emoji2:1.4.0] AndroidManifest.xml:25:13-67
136            android:authorities="fi.eport.searchassistant.debug.androidx-startup"
136-->[androidx.emoji2:emoji2:1.4.0] AndroidManifest.xml:26:13-68
137            android:exported="false" >
137-->[androidx.emoji2:emoji2:1.4.0] AndroidManifest.xml:27:13-37
138            <meta-data
138-->[androidx.emoji2:emoji2:1.4.0] AndroidManifest.xml:29:13-31:52
139                android:name="androidx.emoji2.text.EmojiCompatInitializer"
139-->[androidx.emoji2:emoji2:1.4.0] AndroidManifest.xml:30:17-75
140                android:value="androidx.startup" />
140-->[androidx.emoji2:emoji2:1.4.0] AndroidManifest.xml:31:17-49
141            <meta-data
141-->[androidx.lifecycle:lifecycle-process:2.10.0] AndroidManifest.xml:29:13-31:52
142                android:name="androidx.lifecycle.ProcessLifecycleInitializer"
142-->[androidx.lifecycle:lifecycle-process:2.10.0] AndroidManifest.xml:30:17-78
143                android:value="androidx.startup" />
143-->[androidx.lifecycle:lifecycle-process:2.10.0] AndroidManifest.xml:31:17-49
144            <meta-data
144-->[androidx.profileinstaller:profileinstaller:1.4.0] AndroidManifest.xml:29:13-31:52
145                android:name="androidx.profileinstaller.ProfileInstallerInitializer"
145-->[androidx.profileinstaller:profileinstaller:1.4.0] AndroidManifest.xml:30:17-85
146                android:value="androidx.startup" />
146-->[androidx.profileinstaller:profileinstaller:1.4.0] AndroidManifest.xml:31:17-49
147        </provider>
148
149        <meta-data
149-->[com.google.android.gms:play-services-basement:18.4.0] AndroidManifest.xml:6:9-122
150            android:name="com.google.android.gms.version"
150-->[com.google.android.gms:play-services-basement:18.4.0] AndroidManifest.xml:6:20-65
151            android:value="@integer/google_play_services_version" />
151-->[com.google.android.gms:play-services-basement:18.4.0] AndroidManifest.xml:6:66-119
152
153        <receiver
153-->[androidx.profileinstaller:profileinstaller:1.4.0] AndroidManifest.xml:34:9-52:20
154            android:name="androidx.profileinstaller.ProfileInstallReceiver"
154-->[androidx.profileinstaller:profileinstaller:1.4.0] AndroidManifest.xml:35:13-76
155            android:directBootAware="false"
155-->[androidx.profileinstaller:profileinstaller:1.4.0] AndroidManifest.xml:36:13-44
156            android:enabled="true"
156-->[androidx.profileinstaller:profileinstaller:1.4.0] AndroidManifest.xml:37:13-35
157            android:exported="true"
157-->[androidx.profileinstaller:profileinstaller:1.4.0] AndroidManifest.xml:38:13-36
158            android:permission="android.permission.DUMP" >
158-->[androidx.profileinstaller:profileinstaller:1.4.0] AndroidManifest.xml:39:13-57
159            <intent-filter>
159-->[androidx.profileinstaller:profileinstaller:1.4.0] AndroidManifest.xml:40:13-42:29
160                <action android:name="androidx.profileinstaller.action.INSTALL_PROFILE" />
160-->[androidx.profileinstaller:profileinstaller:1.4.0] AndroidManifest.xml:41:17-91
160-->[androidx.profileinstaller:profileinstaller:1.4.0] AndroidManifest.xml:41:25-88
161            </intent-filter>
162            <intent-filter>
162-->[androidx.profileinstaller:profileinstaller:1.4.0] AndroidManifest.xml:43:13-45:29
163                <action android:name="androidx.profileinstaller.action.SKIP_FILE" />
163-->[androidx.profileinstaller:profileinstaller:1.4.0] AndroidManifest.xml:44:17-85
163-->[androidx.profileinstaller:profileinstaller:1.4.0] AndroidManifest.xml:44:25-82
164            </intent-filter>
165            <intent-filter>
165-->[androidx.profileinstaller:profileinstaller:1.4.0] AndroidManifest.xml:46:13-48:29
166                <action android:name="androidx.profileinstaller.action.SAVE_PROFILE" />
166-->[androidx.profileinstaller:profileinstaller:1.4.0] AndroidManifest.xml:47:17-88
166-->[androidx.profileinstaller:profileinstaller:1.4.0] AndroidManifest.xml:47:25-85
167            </intent-filter>
168            <intent-filter>
168-->[androidx.profileinstaller:profileinstaller:1.4.0] AndroidManifest.xml:49:13-51:29
169                <action android:name="androidx.profileinstaller.action.BENCHMARK_OPERATION" />
169-->[androidx.profileinstaller:profileinstaller:1.4.0] AndroidManifest.xml:50:17-95
169-->[androidx.profileinstaller:profileinstaller:1.4.0] AndroidManifest.xml:50:25-92
170            </intent-filter>
171        </receiver>
172
173        <activity
173-->[com.journeyapps:zxing-android-embedded:4.3.0] AndroidManifest.xml:47:9-53:63
174            android:name="com.journeyapps.barcodescanner.CaptureActivity"
174-->[com.journeyapps:zxing-android-embedded:4.3.0] AndroidManifest.xml:48:13-74
175            android:clearTaskOnLaunch="true"
175-->[com.journeyapps:zxing-android-embedded:4.3.0] AndroidManifest.xml:49:13-45
176            android:screenOrientation="sensorLandscape"
176-->[com.journeyapps:zxing-android-embedded:4.3.0] AndroidManifest.xml:50:13-56
177            android:stateNotNeeded="true"
177-->[com.journeyapps:zxing-android-embedded:4.3.0] AndroidManifest.xml:51:13-42
178            android:theme="@style/zxing_CaptureTheme"
178-->[com.journeyapps:zxing-android-embedded:4.3.0] AndroidManifest.xml:52:13-54
179            android:windowSoftInputMode="stateAlwaysHidden" />
179-->[com.journeyapps:zxing-android-embedded:4.3.0] AndroidManifest.xml:53:13-60
180    </application>
181
182</manifest>